ERROR - 2025-08-15 13:27:08 --> mysqli_sql_exception: Table 'lms_alcayde.users' doesn't exist in C:\xampp\htdocs\ITE311-ALCAYDE\ITE311-ALCAYDE\codeigniter4-framework-dbc07dc\system\Database\MySQLi\Connection.php:327
Stack trace:
#0 C:\xampp\htdocs\ITE311-ALCAYDE\ITE311-ALCAYDE\codeigniter4-framework-dbc07dc\system\Database\MySQLi\Connection.php(327): mysqli->query('INSERT INTO `us...', 0)
#1 C:\xampp\htdocs\ITE311-ALCAYDE\ITE311-ALCAYDE\codeigniter4-framework-dbc07dc\system\Database\BaseConnection.php(729): CodeIgniter\Database\MySQLi\Connection->execute('INSERT INTO `us...')
#2 C:\xampp\htdocs\ITE311-ALCAYDE\ITE311-ALCAYDE\codeigniter4-framework-dbc07dc\system\Database\BaseConnection.php(646): CodeIgniter\Database\BaseConnection->simpleQuery('INSERT INTO `us...')
#3 C:\xampp\htdocs\ITE311-ALCAYDE\ITE311-ALCAYDE\codeigniter4-framework-dbc07dc\system\Database\BaseBuilder.php(1841): CodeIgniter\Database\BaseConnection->query('INSERT INTO `us...', NULL, false)
#4 C:\xampp\htdocs\ITE311-ALCAYDE\ITE311-ALCAYDE\codeigniter4-framework-dbc07dc\system\Database\BaseBuilder.php(2230): CodeIgniter\Database\BaseBuilder->batchExecute('_insertBatch', 100)
#5 C:\xampp\htdocs\ITE311-ALCAYDE\ITE311-ALCAYDE\codeigniter4-framework-dbc07dc\app\Database\Seeds\UserSeeder.php(53): CodeIgniter\Database\BaseBuilder->insertBatch(Array)
#6 C:\xampp\htdocs\ITE311-ALCAYDE\ITE311-ALCAYDE\codeigniter4-framework-dbc07dc\system\Database\Seeder.php(149): App\Database\Seeds\UserSeeder->run()
#7 C:\xampp\htdocs\ITE311-ALCAYDE\ITE311-ALCAYDE\codeigniter4-framework-dbc07dc\system\Commands\Database\Seed.php(79): CodeIgniter\Database\Seeder->call('App\\Database\\Se...')
#8 C:\xampp\htdocs\ITE311-ALCAYDE\ITE311-ALCAYDE\codeigniter4-framework-dbc07dc\system\CLI\Commands.php(74): CodeIgniter\Commands\Database\Seed->run(Array)
#9 C:\xampp\htdocs\ITE311-ALCAYDE\ITE311-ALCAYDE\codeigniter4-framework-dbc07dc\system\CLI\Console.php(47): CodeIgniter\CLI\Commands->run('db:seed', Array)
#10 C:\xampp\htdocs\ITE311-ALCAYDE\ITE311-ALCAYDE\codeigniter4-framework-dbc07dc\system\Boot.php(388): CodeIgniter\CLI\Console->run()
#11 C:\xampp\htdocs\ITE311-ALCAYDE\ITE311-ALCAYDE\codeigniter4-framework-dbc07dc\system\Boot.php(133): CodeIgniter\Boot::runCommand(Object(CodeIgniter\CLI\Console))
#12 C:\xampp\htdocs\ITE311-ALCAYDE\ITE311-ALCAYDE\codeigniter4-framework-dbc07dc\spark(87): CodeIgniter\Boot::bootSpark(Object(Config\Paths))
#13 {main}
ERROR - 2025-08-15 14:29:29 --> mysqli_sql_exception: Table 'lms_alcayde.users' doesn't exist in C:\xampp\htdocs\ITE311-ALCAYDE\ITE311-ALCAYDE\codeigniter4-framework-dbc07dc\system\Database\MySQLi\Connection.php:327
Stack trace:
#0 C:\xampp\htdocs\ITE311-ALCAYDE\ITE311-ALCAYDE\codeigniter4-framework-dbc07dc\system\Database\MySQLi\Connection.php(327): mysqli->query('INSERT INTO `us...', 0)
#1 C:\xampp\htdocs\ITE311-ALCAYDE\ITE311-ALCAYDE\codeigniter4-framework-dbc07dc\system\Database\BaseConnection.php(729): CodeIgniter\Database\MySQLi\Connection->execute('INSERT INTO `us...')
#2 C:\xampp\htdocs\ITE311-ALCAYDE\ITE311-ALCAYDE\codeigniter4-framework-dbc07dc\system\Database\BaseConnection.php(646): CodeIgniter\Database\BaseConnection->simpleQuery('INSERT INTO `us...')
#3 C:\xampp\htdocs\ITE311-ALCAYDE\ITE311-ALCAYDE\codeigniter4-framework-dbc07dc\system\Database\BaseBuilder.php(1841): CodeIgniter\Database\BaseConnection->query('INSERT INTO `us...', NULL, false)
#4 C:\xampp\htdocs\ITE311-ALCAYDE\ITE311-ALCAYDE\codeigniter4-framework-dbc07dc\system\Database\BaseBuilder.php(2230): CodeIgniter\Database\BaseBuilder->batchExecute('_insertBatch', 100)
#5 C:\xampp\htdocs\ITE311-ALCAYDE\ITE311-ALCAYDE\codeigniter4-framework-dbc07dc\app\Database\Seeds\UserSeeder.php(59): CodeIgniter\Database\BaseBuilder->insertBatch(Array)
#6 C:\xampp\htdocs\ITE311-ALCAYDE\ITE311-ALCAYDE\codeigniter4-framework-dbc07dc\system\Database\Seeder.php(149): App\Database\Seeds\UserSeeder->run()
#7 C:\xampp\htdocs\ITE311-ALCAYDE\ITE311-ALCAYDE\codeigniter4-framework-dbc07dc\system\Commands\Database\Seed.php(79): CodeIgniter\Database\Seeder->call('App\\Database\\Se...')
#8 C:\xampp\htdocs\ITE311-ALCAYDE\ITE311-ALCAYDE\codeigniter4-framework-dbc07dc\system\CLI\Commands.php(74): CodeIgniter\Commands\Database\Seed->run(Array)
#9 C:\xampp\htdocs\ITE311-ALCAYDE\ITE311-ALCAYDE\codeigniter4-framework-dbc07dc\system\CLI\Console.php(47): CodeIgniter\CLI\Commands->run('db:seed', Array)
#10 C:\xampp\htdocs\ITE311-ALCAYDE\ITE311-ALCAYDE\codeigniter4-framework-dbc07dc\system\Boot.php(388): CodeIgniter\CLI\Console->run()
#11 C:\xampp\htdocs\ITE311-ALCAYDE\ITE311-ALCAYDE\codeigniter4-framework-dbc07dc\system\Boot.php(133): CodeIgniter\Boot::runCommand(Object(CodeIgniter\CLI\Console))
#12 C:\xampp\htdocs\ITE311-ALCAYDE\ITE311-ALCAYDE\codeigniter4-framework-dbc07dc\spark(87): CodeIgniter\Boot::bootSpark(Object(Config\Paths))
#13 {main}
ERROR - 2025-08-15 14:40:29 --> mysqli_sql_exception: Table 'lms_alcayde.users' doesn't exist in C:\xampp\htdocs\ITE311-ALCAYDE\ITE311-ALCAYDE\codeigniter4-framework-dbc07dc\system\Database\MySQLi\Connection.php:327
Stack trace:
#0 C:\xampp\htdocs\ITE311-ALCAYDE\ITE311-ALCAYDE\codeigniter4-framework-dbc07dc\system\Database\MySQLi\Connection.php(327): mysqli->query('INSERT INTO `us...', 0)
#1 C:\xampp\htdocs\ITE311-ALCAYDE\ITE311-ALCAYDE\codeigniter4-framework-dbc07dc\system\Database\BaseConnection.php(729): CodeIgniter\Database\MySQLi\Connection->execute('INSERT INTO `us...')
#2 C:\xampp\htdocs\ITE311-ALCAYDE\ITE311-ALCAYDE\codeigniter4-framework-dbc07dc\system\Database\BaseConnection.php(646): CodeIgniter\Database\BaseConnection->simpleQuery('INSERT INTO `us...')
#3 C:\xampp\htdocs\ITE311-ALCAYDE\ITE311-ALCAYDE\codeigniter4-framework-dbc07dc\system\Database\BaseBuilder.php(1841): CodeIgniter\Database\BaseConnection->query('INSERT INTO `us...', NULL, false)
#4 C:\xampp\htdocs\ITE311-ALCAYDE\ITE311-ALCAYDE\codeigniter4-framework-dbc07dc\system\Database\BaseBuilder.php(2230): CodeIgniter\Database\BaseBuilder->batchExecute('_insertBatch', 100)
#5 C:\xampp\htdocs\ITE311-ALCAYDE\ITE311-ALCAYDE\codeigniter4-framework-dbc07dc\app\Database\Seeds\UserSeeder.php(59): CodeIgniter\Database\BaseBuilder->insertBatch(Array)
#6 C:\xampp\htdocs\ITE311-ALCAYDE\ITE311-ALCAYDE\codeigniter4-framework-dbc07dc\system\Database\Seeder.php(149): App\Database\Seeds\UserSeeder->run()
#7 C:\xampp\htdocs\ITE311-ALCAYDE\ITE311-ALCAYDE\codeigniter4-framework-dbc07dc\system\Commands\Database\Seed.php(79): CodeIgniter\Database\Seeder->call('App\\Database\\Se...')
#8 C:\xampp\htdocs\ITE311-ALCAYDE\ITE311-ALCAYDE\codeigniter4-framework-dbc07dc\system\CLI\Commands.php(74): CodeIgniter\Commands\Database\Seed->run(Array)
#9 C:\xampp\htdocs\ITE311-ALCAYDE\ITE311-ALCAYDE\codeigniter4-framework-dbc07dc\system\CLI\Console.php(47): CodeIgniter\CLI\Commands->run('db:seed', Array)
#10 C:\xampp\htdocs\ITE311-ALCAYDE\ITE311-ALCAYDE\codeigniter4-framework-dbc07dc\system\Boot.php(388): CodeIgniter\CLI\Console->run()
#11 C:\xampp\htdocs\ITE311-ALCAYDE\ITE311-ALCAYDE\codeigniter4-framework-dbc07dc\system\Boot.php(133): CodeIgniter\Boot::runCommand(Object(CodeIgniter\CLI\Console))
#12 C:\xampp\htdocs\ITE311-ALCAYDE\ITE311-ALCAYDE\codeigniter4-framework-dbc07dc\spark(87): CodeIgniter\Boot::bootSpark(Object(Config\Paths))
#13 {main}
ERROR - 2025-08-15 14:49:13 --> mysqli_sql_exception: Table 'lessons' already exists in C:\xampp\htdocs\ITE311-ALCAYDE\ITE311-ALCAYDE\codeigniter4-framework-dbc07dc\system\Database\MySQLi\Connection.php:327
Stack trace:
#0 C:\xampp\htdocs\ITE311-ALCAYDE\ITE311-ALCAYDE\codeigniter4-framework-dbc07dc\system\Database\MySQLi\Connection.php(327): mysqli->query('CREATE TABLE `l...', 0)
#1 C:\xampp\htdocs\ITE311-ALCAYDE\ITE311-ALCAYDE\codeigniter4-framework-dbc07dc\system\Database\BaseConnection.php(729): CodeIgniter\Database\MySQLi\Connection->execute('CREATE TABLE `l...')
#2 C:\xampp\htdocs\ITE311-ALCAYDE\ITE311-ALCAYDE\codeigniter4-framework-dbc07dc\system\Database\BaseConnection.php(646): CodeIgniter\Database\BaseConnection->simpleQuery('CREATE TABLE `l...')
#3 C:\xampp\htdocs\ITE311-ALCAYDE\ITE311-ALCAYDE\codeigniter4-framework-dbc07dc\system\Database\Forge.php(570): CodeIgniter\Database\BaseConnection->query('CREATE TABLE `l...')
#4 C:\xampp\htdocs\ITE311-ALCAYDE\ITE311-ALCAYDE\codeigniter4-framework-dbc07dc\app\Database\Migrations\2025-08-15-124356_CreateLessonsTable.php(30): CodeIgniter\Database\Forge->createTable('lessons')
#5 C:\xampp\htdocs\ITE311-ALCAYDE\ITE311-ALCAYDE\codeigniter4-framework-dbc07dc\system\Database\MigrationRunner.php(876): App\Database\Migrations\CreateLessonsTable->up()
#6 C:\xampp\htdocs\ITE311-ALCAYDE\ITE311-ALCAYDE\codeigniter4-framework-dbc07dc\system\Database\MigrationRunner.php(182): CodeIgniter\Database\MigrationRunner->migrate('up', Object(stdClass))
#7 C:\xampp\htdocs\ITE311-ALCAYDE\ITE311-ALCAYDE\codeigniter4-framework-dbc07dc\system\Commands\Database\Migrate.php(85): CodeIgniter\Database\MigrationRunner->latest(NULL)
#8 C:\xampp\htdocs\ITE311-ALCAYDE\ITE311-ALCAYDE\codeigniter4-framework-dbc07dc\system\CLI\Commands.php(74): CodeIgniter\Commands\Database\Migrate->run(Array)
#9 C:\xampp\htdocs\ITE311-ALCAYDE\ITE311-ALCAYDE\codeigniter4-framework-dbc07dc\system\CLI\Console.php(47): CodeIgniter\CLI\Commands->run('migrate', Array)
#10 C:\xampp\htdocs\ITE311-ALCAYDE\ITE311-ALCAYDE\codeigniter4-framework-dbc07dc\system\Boot.php(388): CodeIgniter\CLI\Console->run()
#11 C:\xampp\htdocs\ITE311-ALCAYDE\ITE311-ALCAYDE\codeigniter4-framework-dbc07dc\system\Boot.php(133): CodeIgniter\Boot::runCommand(Object(CodeIgniter\CLI\Console))
#12 C:\xampp\htdocs\ITE311-ALCAYDE\ITE311-ALCAYDE\codeigniter4-framework-dbc07dc\spark(87): CodeIgniter\Boot::bootSpark(Object(Config\Paths))
#13 {main}
ERROR - 2025-08-15 14:54:31 --> mysqli_sql_exception: Table 'lessons' already exists in C:\xampp\htdocs\ITE311-ALCAYDE\ITE311-ALCAYDE\codeigniter4-framework-dbc07dc\system\Database\MySQLi\Connection.php:327
Stack trace:
#0 C:\xampp\htdocs\ITE311-ALCAYDE\ITE311-ALCAYDE\codeigniter4-framework-dbc07dc\system\Database\MySQLi\Connection.php(327): mysqli->query('CREATE TABLE `l...', 0)
#1 C:\xampp\htdocs\ITE311-ALCAYDE\ITE311-ALCAYDE\codeigniter4-framework-dbc07dc\system\Database\BaseConnection.php(729): CodeIgniter\Database\MySQLi\Connection->execute('CREATE TABLE `l...')
#2 C:\xampp\htdocs\ITE311-ALCAYDE\ITE311-ALCAYDE\codeigniter4-framework-dbc07dc\system\Database\BaseConnection.php(646): CodeIgniter\Database\BaseConnection->simpleQuery('CREATE TABLE `l...')
#3 C:\xampp\htdocs\ITE311-ALCAYDE\ITE311-ALCAYDE\codeigniter4-framework-dbc07dc\system\Database\Forge.php(570): CodeIgniter\Database\BaseConnection->query('CREATE TABLE `l...')
#4 C:\xampp\htdocs\ITE311-ALCAYDE\ITE311-ALCAYDE\codeigniter4-framework-dbc07dc\app\Database\Migrations\2025-08-15-124356_CreateLessonsTable.php(30): CodeIgniter\Database\Forge->createTable('lessons')
#5 C:\xampp\htdocs\ITE311-ALCAYDE\ITE311-ALCAYDE\codeigniter4-framework-dbc07dc\system\Database\MigrationRunner.php(876): App\Database\Migrations\CreateLessonsTable->up()
#6 C:\xampp\htdocs\ITE311-ALCAYDE\ITE311-ALCAYDE\codeigniter4-framework-dbc07dc\system\Database\MigrationRunner.php(182): CodeIgniter\Database\MigrationRunner->migrate('up', Object(stdClass))
#7 C:\xampp\htdocs\ITE311-ALCAYDE\ITE311-ALCAYDE\codeigniter4-framework-dbc07dc\system\Commands\Database\Migrate.php(85): CodeIgniter\Database\MigrationRunner->latest(NULL)
#8 C:\xampp\htdocs\ITE311-ALCAYDE\ITE311-ALCAYDE\codeigniter4-framework-dbc07dc\system\CLI\Commands.php(74): CodeIgniter\Commands\Database\Migrate->run(Array)
#9 C:\xampp\htdocs\ITE311-ALCAYDE\ITE311-ALCAYDE\codeigniter4-framework-dbc07dc\system\CLI\Console.php(47): CodeIgniter\CLI\Commands->run('migrate', Array)
#10 C:\xampp\htdocs\ITE311-ALCAYDE\ITE311-ALCAYDE\codeigniter4-framework-dbc07dc\system\Boot.php(388): CodeIgniter\CLI\Console->run()
#11 C:\xampp\htdocs\ITE311-ALCAYDE\ITE311-ALCAYDE\codeigniter4-framework-dbc07dc\system\Boot.php(133): CodeIgniter\Boot::runCommand(Object(CodeIgniter\CLI\Console))
#12 C:\xampp\htdocs\ITE311-ALCAYDE\ITE311-ALCAYDE\codeigniter4-framework-dbc07dc\spark(87): CodeIgniter\Boot::bootSpark(Object(Config\Paths))
#13 {main}
ERROR - 2025-08-15 14:58:20 --> mysqli_sql_exception: Table 'lessons' already exists in C:\xampp\htdocs\ITE311-ALCAYDE\ITE311-ALCAYDE\codeigniter4-framework-dbc07dc\system\Database\MySQLi\Connection.php:327
Stack trace:
#0 C:\xampp\htdocs\ITE311-ALCAYDE\ITE311-ALCAYDE\codeigniter4-framework-dbc07dc\system\Database\MySQLi\Connection.php(327): mysqli->query('CREATE TABLE `l...', 0)
#1 C:\xampp\htdocs\ITE311-ALCAYDE\ITE311-ALCAYDE\codeigniter4-framework-dbc07dc\system\Database\BaseConnection.php(729): CodeIgniter\Database\MySQLi\Connection->execute('CREATE TABLE `l...')
#2 C:\xampp\htdocs\ITE311-ALCAYDE\ITE311-ALCAYDE\codeigniter4-framework-dbc07dc\system\Database\BaseConnection.php(646): CodeIgniter\Database\BaseConnection->simpleQuery('CREATE TABLE `l...')
#3 C:\xampp\htdocs\ITE311-ALCAYDE\ITE311-ALCAYDE\codeigniter4-framework-dbc07dc\system\Database\Forge.php(570): CodeIgniter\Database\BaseConnection->query('CREATE TABLE `l...')
#4 C:\xampp\htdocs\ITE311-ALCAYDE\ITE311-ALCAYDE\codeigniter4-framework-dbc07dc\app\Database\Migrations\2025-08-15-124356_CreateLessonsTable.php(30): CodeIgniter\Database\Forge->createTable('lessons')
#5 C:\xampp\htdocs\ITE311-ALCAYDE\ITE311-ALCAYDE\codeigniter4-framework-dbc07dc\system\Database\MigrationRunner.php(876): App\Database\Migrations\CreateLessonsTable->up()
#6 C:\xampp\htdocs\ITE311-ALCAYDE\ITE311-ALCAYDE\codeigniter4-framework-dbc07dc\system\Database\MigrationRunner.php(182): CodeIgniter\Database\MigrationRunner->migrate('up', Object(stdClass))
#7 C:\xampp\htdocs\ITE311-ALCAYDE\ITE311-ALCAYDE\codeigniter4-framework-dbc07dc\system\Commands\Database\Migrate.php(85): CodeIgniter\Database\MigrationRunner->latest(NULL)
#8 C:\xampp\htdocs\ITE311-ALCAYDE\ITE311-ALCAYDE\codeigniter4-framework-dbc07dc\system\CLI\Commands.php(74): CodeIgniter\Commands\Database\Migrate->run(Array)
#9 C:\xampp\htdocs\ITE311-ALCAYDE\ITE311-ALCAYDE\codeigniter4-framework-dbc07dc\system\CLI\Console.php(47): CodeIgniter\CLI\Commands->run('migrate', Array)
#10 C:\xampp\htdocs\ITE311-ALCAYDE\ITE311-ALCAYDE\codeigniter4-framework-dbc07dc\system\Boot.php(388): CodeIgniter\CLI\Console->run()
#11 C:\xampp\htdocs\ITE311-ALCAYDE\ITE311-ALCAYDE\codeigniter4-framework-dbc07dc\system\Boot.php(133): CodeIgniter\Boot::runCommand(Object(CodeIgniter\CLI\Console))
#12 C:\xampp\htdocs\ITE311-ALCAYDE\ITE311-ALCAYDE\codeigniter4-framework-dbc07dc\spark(87): CodeIgniter\Boot::bootSpark(Object(Config\Paths))
#13 {main}
ERROR - 2025-08-15 15:06:39 --> mysqli_sql_exception: Incorrect table definition; there can be only one auto column and it must be defined as a key in C:\xampp\htdocs\ITE311-ALCAYDE\ITE311-ALCAYDE\codeigniter4-framework-dbc07dc\system\Database\MySQLi\Connection.php:327
Stack trace:
#0 C:\xampp\htdocs\ITE311-ALCAYDE\ITE311-ALCAYDE\codeigniter4-framework-dbc07dc\system\Database\MySQLi\Connection.php(327): mysqli->query('CREATE TABLE `q...', 0)
#1 C:\xampp\htdocs\ITE311-ALCAYDE\ITE311-ALCAYDE\codeigniter4-framework-dbc07dc\system\Database\BaseConnection.php(729): CodeIgniter\Database\MySQLi\Connection->execute('CREATE TABLE `q...')
#2 C:\xampp\htdocs\ITE311-ALCAYDE\ITE311-ALCAYDE\codeigniter4-framework-dbc07dc\system\Database\BaseConnection.php(646): CodeIgniter\Database\BaseConnection->simpleQuery('CREATE TABLE `q...')
#3 C:\xampp\htdocs\ITE311-ALCAYDE\ITE311-ALCAYDE\codeigniter4-framework-dbc07dc\system\Database\Forge.php(570): CodeIgniter\Database\BaseConnection->query('CREATE TABLE `q...')
#4 C:\xampp\htdocs\ITE311-ALCAYDE\ITE311-ALCAYDE\codeigniter4-framework-dbc07dc\app\Database\Migrations\2025-08-15-124431_CreateQuizzesTable.php(34): CodeIgniter\Database\Forge->createTable('quizzes')
#5 C:\xampp\htdocs\ITE311-ALCAYDE\ITE311-ALCAYDE\codeigniter4-framework-dbc07dc\system\Database\MigrationRunner.php(876): App\Database\Migrations\CreateQuizzesTable->up()
#6 C:\xampp\htdocs\ITE311-ALCAYDE\ITE311-ALCAYDE\codeigniter4-framework-dbc07dc\system\Database\MigrationRunner.php(182): CodeIgniter\Database\MigrationRunner->migrate('up', Object(stdClass))
#7 C:\xampp\htdocs\ITE311-ALCAYDE\ITE311-ALCAYDE\codeigniter4-framework-dbc07dc\system\Commands\Database\Migrate.php(85): CodeIgniter\Database\MigrationRunner->latest(NULL)
#8 C:\xampp\htdocs\ITE311-ALCAYDE\ITE311-ALCAYDE\codeigniter4-framework-dbc07dc\system\CLI\Commands.php(74): CodeIgniter\Commands\Database\Migrate->run(Array)
#9 C:\xampp\htdocs\ITE311-ALCAYDE\ITE311-ALCAYDE\codeigniter4-framework-dbc07dc\system\CLI\Console.php(47): CodeIgniter\CLI\Commands->run('migrate', Array)
#10 C:\xampp\htdocs\ITE311-ALCAYDE\ITE311-ALCAYDE\codeigniter4-framework-dbc07dc\system\Boot.php(388): CodeIgniter\CLI\Console->run()
#11 C:\xampp\htdocs\ITE311-ALCAYDE\ITE311-ALCAYDE\codeigniter4-framework-dbc07dc\system\Boot.php(133): CodeIgniter\Boot::runCommand(Object(CodeIgniter\CLI\Console))
#12 C:\xampp\htdocs\ITE311-ALCAYDE\ITE311-ALCAYDE\codeigniter4-framework-dbc07dc\spark(87): CodeIgniter\Boot::bootSpark(Object(Config\Paths))
#13 {main}
