DEBUG - 2025-10-27 01:09:22 --> Session: Class initialized using 'CodeIgniter\Session\Handlers\FileHandler' driver.
INFO - 2025-10-27 01:09:39 --> CSRF token verified.
DEBUG - 2025-10-27 01:09:39 --> Session: Class initialized using 'CodeIgniter\Session\Handlers\FileHandler' driver.
DEBUG - 2025-10-27 01:09:41 --> Session: Class initialized using 'CodeIgniter\Session\Handlers\FileHandler' driver.
INFO - 2025-10-27 01:09:52 --> CSRF token verified.
DEBUG - 2025-10-27 01:09:52 --> Session: Class initialized using 'CodeIgniter\Session\Handlers\FileHandler' driver.
DEBUG - 2025-10-27 01:09:52 --> Session: Class initialized using 'CodeIgniter\Session\Handlers\FileHandler' driver.
INFO - 2025-10-27 01:10:11 --> CSRF token verified.
DEBUG - 2025-10-27 01:10:11 --> Session: Class initialized using 'CodeIgniter\Session\Handlers\FileHandler' driver.
DEBUG - 2025-10-27 01:10:12 --> Session: Class initialized using 'CodeIgniter\Session\Handlers\FileHandler' driver.
INFO - 2025-10-27 01:11:01 --> CSRF token verified.
DEBUG - 2025-10-27 01:11:01 --> Session: Class initialized using 'CodeIgniter\Session\Handlers\FileHandler' driver.
DEBUG - 2025-10-27 01:11:02 --> Session: Class initialized using 'CodeIgniter\Session\Handlers\FileHandler' driver.
INFO - 2025-10-27 01:11:14 --> CSRF token verified.
DEBUG - 2025-10-27 01:11:14 --> Session: Class initialized using 'CodeIgniter\Session\Handlers\FileHandler' driver.
DEBUG - 2025-10-27 01:11:14 --> Session: Class initialized using 'CodeIgniter\Session\Handlers\FileHandler' driver.
DEBUG - 2025-10-27 01:11:18 --> Session: Class initialized using 'CodeIgniter\Session\Handlers\FileHandler' driver.
INFO - 2025-10-27 01:11:23 --> CSRF token verified.
DEBUG - 2025-10-27 01:11:23 --> Session: Class initialized using 'CodeIgniter\Session\Handlers\FileHandler' driver.
DEBUG - 2025-10-27 01:11:24 --> Session: Class initialized using 'CodeIgniter\Session\Handlers\FileHandler' driver.
CRITICAL - 2025-10-27 01:11:24 --> ErrorException: Undefined variable $searchUser
[Method: GET, Route: user-management]
in APPPATH\Views\admin\user_management.php on line 271.
 1 APPPATH\Views\admin\user_management.php(271): CodeIgniter\Debug\Exceptions->errorHandler(2, 'Undefined variable $searchUser', 'C:\\xampp\\htdocs\\ITE311-ALCAYDE\\app\\Views\\admin\\user_management.php', 271)
 2 SYSTEMPATH\View\View.php(226): include('C:\\xampp\\htdocs\\ITE311-ALCAYDE\\app\\Views\\admin\\user_management.php')
 3 SYSTEMPATH\View\View.php(229): CodeIgniter\View\View->CodeIgniter\View\{closure}()
 4 SYSTEMPATH\Common.php(1167): CodeIgniter\View\View->render('admin/user_management', [], true)
 5 APPPATH\Controllers\Home.php(50): view('admin/user_management')
 6 SYSTEMPATH\CodeIgniter.php(933): App\Controllers\Home->userManagement()
 7 SYSTEMPATH\CodeIgniter.php(507): CodeIgniter\CodeIgniter->runController(Object(App\Controllers\Home))
 8 SYSTEMPATH\CodeIgniter.php(354): CodeIgniter\CodeIgniter->handleRequest(null, Object(Config\Cache), false)
 9 SYSTEMPATH\Boot.php(363): CodeIgniter\CodeIgniter->run()
10 SYSTEMPATH\Boot.php(68): CodeIgniter\Boot::runCodeIgniter(Object(CodeIgniter\CodeIgniter))
11 FCPATH\index.php(60): CodeIgniter\Boot::bootWeb(Object(Config\Paths))
DEBUG - 2025-10-27 01:11:28 --> Session: Class initialized using 'CodeIgniter\Session\Handlers\FileHandler' driver.
CRITICAL - 2025-10-27 01:11:28 --> ErrorException: Undefined variable $searchUser
[Method: GET, Route: user-management]
in APPPATH\Views\admin\user_management.php on line 271.
 1 APPPATH\Views\admin\user_management.php(271): CodeIgniter\Debug\Exceptions->errorHandler(2, 'Undefined variable $searchUser', 'C:\\xampp\\htdocs\\ITE311-ALCAYDE\\app\\Views\\admin\\user_management.php', 271)
 2 SYSTEMPATH\View\View.php(226): include('C:\\xampp\\htdocs\\ITE311-ALCAYDE\\app\\Views\\admin\\user_management.php')
 3 SYSTEMPATH\View\View.php(229): CodeIgniter\View\View->CodeIgniter\View\{closure}()
 4 SYSTEMPATH\Common.php(1167): CodeIgniter\View\View->render('admin/user_management', [], true)
 5 APPPATH\Controllers\Home.php(50): view('admin/user_management')
 6 SYSTEMPATH\CodeIgniter.php(933): App\Controllers\Home->userManagement()
 7 SYSTEMPATH\CodeIgniter.php(507): CodeIgniter\CodeIgniter->runController(Object(App\Controllers\Home))
 8 SYSTEMPATH\CodeIgniter.php(354): CodeIgniter\CodeIgniter->handleRequest(null, Object(Config\Cache), false)
 9 SYSTEMPATH\Boot.php(363): CodeIgniter\CodeIgniter->run()
10 SYSTEMPATH\Boot.php(68): CodeIgniter\Boot::runCodeIgniter(Object(CodeIgniter\CodeIgniter))
11 FCPATH\index.php(60): CodeIgniter\Boot::bootWeb(Object(Config\Paths))
DEBUG - 2025-10-27 01:11:33 --> Session: Class initialized using 'CodeIgniter\Session\Handlers\FileHandler' driver.
CRITICAL - 2025-10-27 01:11:33 --> ErrorException: Undefined variable $searchUser
[Method: GET, Route: user-management]
in APPPATH\Views\admin\user_management.php on line 271.
 1 APPPATH\Views\admin\user_management.php(271): CodeIgniter\Debug\Exceptions->errorHandler(2, 'Undefined variable $searchUser', 'C:\\xampp\\htdocs\\ITE311-ALCAYDE\\app\\Views\\admin\\user_management.php', 271)
 2 SYSTEMPATH\View\View.php(226): include('C:\\xampp\\htdocs\\ITE311-ALCAYDE\\app\\Views\\admin\\user_management.php')
 3 SYSTEMPATH\View\View.php(229): CodeIgniter\View\View->CodeIgniter\View\{closure}()
 4 SYSTEMPATH\Common.php(1167): CodeIgniter\View\View->render('admin/user_management', [], true)
 5 APPPATH\Controllers\Home.php(50): view('admin/user_management')
 6 SYSTEMPATH\CodeIgniter.php(933): App\Controllers\Home->userManagement()
 7 SYSTEMPATH\CodeIgniter.php(507): CodeIgniter\CodeIgniter->runController(Object(App\Controllers\Home))
 8 SYSTEMPATH\CodeIgniter.php(354): CodeIgniter\CodeIgniter->handleRequest(null, Object(Config\Cache), false)
 9 SYSTEMPATH\Boot.php(363): CodeIgniter\CodeIgniter->run()
10 SYSTEMPATH\Boot.php(68): CodeIgniter\Boot::runCodeIgniter(Object(CodeIgniter\CodeIgniter))
11 FCPATH\index.php(60): CodeIgniter\Boot::bootWeb(Object(Config\Paths))
DEBUG - 2025-10-27 01:11:47 --> Session: Class initialized using 'CodeIgniter\Session\Handlers\FileHandler' driver.
CRITICAL - 2025-10-27 01:11:47 --> ErrorException: Undefined variable $searchUser
[Method: GET, Route: user-management]
in APPPATH\Views\admin\user_management.php on line 271.
 1 APPPATH\Views\admin\user_management.php(271): CodeIgniter\Debug\Exceptions->errorHandler(2, 'Undefined variable $searchUser', 'C:\\xampp\\htdocs\\ITE311-ALCAYDE\\app\\Views\\admin\\user_management.php', 271)
 2 SYSTEMPATH\View\View.php(226): include('C:\\xampp\\htdocs\\ITE311-ALCAYDE\\app\\Views\\admin\\user_management.php')
 3 SYSTEMPATH\View\View.php(229): CodeIgniter\View\View->CodeIgniter\View\{closure}()
 4 SYSTEMPATH\Common.php(1167): CodeIgniter\View\View->render('admin/user_management', [], true)
 5 APPPATH\Controllers\Home.php(50): view('admin/user_management')
 6 SYSTEMPATH\CodeIgniter.php(933): App\Controllers\Home->userManagement()
 7 SYSTEMPATH\CodeIgniter.php(507): CodeIgniter\CodeIgniter->runController(Object(App\Controllers\Home))
 8 SYSTEMPATH\CodeIgniter.php(354): CodeIgniter\CodeIgniter->handleRequest(null, Object(Config\Cache), false)
 9 SYSTEMPATH\Boot.php(363): CodeIgniter\CodeIgniter->run()
10 SYSTEMPATH\Boot.php(68): CodeIgniter\Boot::runCodeIgniter(Object(CodeIgniter\CodeIgniter))
11 FCPATH\index.php(60): CodeIgniter\Boot::bootWeb(Object(Config\Paths))
DEBUG - 2025-10-27 01:13:01 --> Session: Class initialized using 'CodeIgniter\Session\Handlers\FileHandler' driver.
INFO - 2025-10-27 01:13:06 --> CSRF token verified.
DEBUG - 2025-10-27 01:13:06 --> Session: Class initialized using 'CodeIgniter\Session\Handlers\FileHandler' driver.
INFO - 2025-10-27 01:13:08 --> CSRF token verified.
DEBUG - 2025-10-27 01:13:08 --> Session: Class initialized using 'CodeIgniter\Session\Handlers\FileHandler' driver.
DEBUG - 2025-10-27 01:13:09 --> Session: Class initialized using 'CodeIgniter\Session\Handlers\FileHandler' driver.
INFO - 2025-10-27 01:13:15 --> CSRF token verified.
DEBUG - 2025-10-27 01:13:15 --> Session: Class initialized using 'CodeIgniter\Session\Handlers\FileHandler' driver.
DEBUG - 2025-10-27 01:13:15 --> Session: Class initialized using 'CodeIgniter\Session\Handlers\FileHandler' driver.
INFO - 2025-10-27 01:13:17 --> CSRF token verified.
DEBUG - 2025-10-27 01:13:17 --> Session: Class initialized using 'CodeIgniter\Session\Handlers\FileHandler' driver.
DEBUG - 2025-10-27 01:13:18 --> Session: Class initialized using 'CodeIgniter\Session\Handlers\FileHandler' driver.
DEBUG - 2025-10-27 01:13:30 --> Session: Class initialized using 'CodeIgniter\Session\Handlers\FileHandler' driver.
DEBUG - 2025-10-27 01:13:31 --> Session: Class initialized using 'CodeIgniter\Session\Handlers\FileHandler' driver.
INFO - 2025-10-27 01:13:47 --> CSRF token verified.
DEBUG - 2025-10-27 01:13:47 --> Session: Class initialized using 'CodeIgniter\Session\Handlers\FileHandler' driver.
DEBUG - 2025-10-27 01:13:47 --> Session: Class initialized using 'CodeIgniter\Session\Handlers\FileHandler' driver.
INFO - 2025-10-27 01:14:10 --> CSRF token verified.
DEBUG - 2025-10-27 01:14:10 --> Session: Class initialized using 'CodeIgniter\Session\Handlers\FileHandler' driver.
DEBUG - 2025-10-27 01:14:10 --> Session: Class initialized using 'CodeIgniter\Session\Handlers\FileHandler' driver.
INFO - 2025-10-27 01:15:00 --> CSRF token verified.
DEBUG - 2025-10-27 01:15:00 --> Session: Class initialized using 'CodeIgniter\Session\Handlers\FileHandler' driver.
DEBUG - 2025-10-27 01:15:00 --> Session: Class initialized using 'CodeIgniter\Session\Handlers\FileHandler' driver.
DEBUG - 2025-10-27 01:15:03 --> Session: Class initialized using 'CodeIgniter\Session\Handlers\FileHandler' driver.
INFO - 2025-10-27 01:16:18 --> CSRF token verified.
DEBUG - 2025-10-27 01:16:19 --> Session: Class initialized using 'CodeIgniter\Session\Handlers\FileHandler' driver.
DEBUG - 2025-10-27 01:16:26 --> Session: Class initialized using 'CodeIgniter\Session\Handlers\FileHandler' driver.
DEBUG - 2025-10-27 01:16:26 --> Session: Class initialized using 'CodeIgniter\Session\Handlers\FileHandler' driver.
INFO - 2025-10-27 01:16:34 --> CSRF token verified.
DEBUG - 2025-10-27 01:16:34 --> Session: Class initialized using 'CodeIgniter\Session\Handlers\FileHandler' driver.
DEBUG - 2025-10-27 01:16:35 --> Session: Class initialized using 'CodeIgniter\Session\Handlers\FileHandler' driver.
DEBUG - 2025-10-27 01:16:40 --> Session: Class initialized using 'CodeIgniter\Session\Handlers\FileHandler' driver.
DEBUG - 2025-10-27 01:16:41 --> Session: Class initialized using 'CodeIgniter\Session\Handlers\FileHandler' driver.
INFO - 2025-10-27 01:16:58 --> CSRF token verified.
DEBUG - 2025-10-27 01:16:58 --> Session: Class initialized using 'CodeIgniter\Session\Handlers\FileHandler' driver.
DEBUG - 2025-10-27 01:16:58 --> Session: Class initialized using 'CodeIgniter\Session\Handlers\FileHandler' driver.
DEBUG - 2025-10-27 01:17:05 --> Session: Class initialized using 'CodeIgniter\Session\Handlers\FileHandler' driver.
INFO - 2025-10-27 01:17:11 --> CSRF token verified.
DEBUG - 2025-10-27 01:17:11 --> Session: Class initialized using 'CodeIgniter\Session\Handlers\FileHandler' driver.
DEBUG - 2025-10-27 01:17:11 --> Session: Class initialized using 'CodeIgniter\Session\Handlers\FileHandler' driver.
DEBUG - 2025-10-27 01:17:14 --> Session: Class initialized using 'CodeIgniter\Session\Handlers\FileHandler' driver.
DEBUG - 2025-10-27 01:17:15 --> Session: Class initialized using 'CodeIgniter\Session\Handlers\FileHandler' driver.
INFO - 2025-10-27 01:17:22 --> CSRF token verified.
DEBUG - 2025-10-27 01:17:22 --> Session: Class initialized using 'CodeIgniter\Session\Handlers\FileHandler' driver.
DEBUG - 2025-10-27 01:17:22 --> Session: Class initialized using 'CodeIgniter\Session\Handlers\FileHandler' driver.
INFO - 2025-10-27 01:19:19 --> CSRF token verified.
DEBUG - 2025-10-27 01:19:19 --> Session: Class initialized using 'CodeIgniter\Session\Handlers\FileHandler' driver.
DEBUG - 2025-10-27 01:19:19 --> Session: Class initialized using 'CodeIgniter\Session\Handlers\FileHandler' driver.
DEBUG - 2025-10-27 01:19:28 --> Session: Class initialized using 'CodeIgniter\Session\Handlers\FileHandler' driver.
INFO - 2025-10-27 01:20:03 --> CSRF token verified.
DEBUG - 2025-10-27 01:20:03 --> Session: Class initialized using 'CodeIgniter\Session\Handlers\FileHandler' driver.
DEBUG - 2025-10-27 01:20:04 --> Session: Class initialized using 'CodeIgniter\Session\Handlers\FileHandler' driver.
DEBUG - 2025-10-27 01:20:07 --> Session: Class initialized using 'CodeIgniter\Session\Handlers\FileHandler' driver.
INFO - 2025-10-27 01:21:37 --> CSRF token verified.
DEBUG - 2025-10-27 01:21:37 --> Session: Class initialized using 'CodeIgniter\Session\Handlers\FileHandler' driver.
INFO - 2025-10-27 01:21:39 --> CSRF token verified.
DEBUG - 2025-10-27 01:21:39 --> Session: Class initialized using 'CodeIgniter\Session\Handlers\FileHandler' driver.
DEBUG - 2025-10-27 01:21:40 --> Session: Class initialized using 'CodeIgniter\Session\Handlers\FileHandler' driver.
INFO - 2025-10-27 01:21:49 --> CSRF token verified.
DEBUG - 2025-10-27 01:21:49 --> Session: Class initialized using 'CodeIgniter\Session\Handlers\FileHandler' driver.
DEBUG - 2025-10-27 01:21:49 --> Session: Class initialized using 'CodeIgniter\Session\Handlers\FileHandler' driver.
DEBUG - 2025-10-27 01:21:52 --> Session: Class initialized using 'CodeIgniter\Session\Handlers\FileHandler' driver.
INFO - 2025-10-27 01:21:55 --> CSRF token verified.
DEBUG - 2025-10-27 01:21:55 --> Session: Class initialized using 'CodeIgniter\Session\Handlers\FileHandler' driver.
DEBUG - 2025-10-27 01:21:55 --> Session: Class initialized using 'CodeIgniter\Session\Handlers\FileHandler' driver.
INFO - 2025-10-27 01:23:08 --> CSRF token verified.
DEBUG - 2025-10-27 01:23:08 --> Session: Class initialized using 'CodeIgniter\Session\Handlers\FileHandler' driver.
INFO - 2025-10-27 01:23:10 --> CSRF token verified.
DEBUG - 2025-10-27 01:23:10 --> Session: Class initialized using 'CodeIgniter\Session\Handlers\FileHandler' driver.
DEBUG - 2025-10-27 01:23:10 --> Session: Class initialized using 'CodeIgniter\Session\Handlers\FileHandler' driver.
INFO - 2025-10-27 01:23:28 --> CSRF token verified.
DEBUG - 2025-10-27 01:23:28 --> Session: Class initialized using 'CodeIgniter\Session\Handlers\FileHandler' driver.
DEBUG - 2025-10-27 01:23:29 --> Session: Class initialized using 'CodeIgniter\Session\Handlers\FileHandler' driver.
INFO - 2025-10-27 01:23:33 --> CSRF token verified.
DEBUG - 2025-10-27 01:23:33 --> Session: Class initialized using 'CodeIgniter\Session\Handlers\FileHandler' driver.
DEBUG - 2025-10-27 01:23:33 --> Session: Class initialized using 'CodeIgniter\Session\Handlers\FileHandler' driver.
DEBUG - 2025-10-27 01:23:52 --> Session: Class initialized using 'CodeIgniter\Session\Handlers\FileHandler' driver.
DEBUG - 2025-10-27 01:23:53 --> Session: Class initialized using 'CodeIgniter\Session\Handlers\FileHandler' driver.
